#! /c/Source/iverilog-install/bin/vvp
:ivl_version "12.0 (devel)" "(s20150603-1539-g2693dd32b)";
:ivl_delay_selection "TYPICAL";
:vpi_time_precision + 0;
:vpi_module "C:\iverilog\lib\ivl\system.vpi";
:vpi_module "C:\iverilog\lib\ivl\vhdl_sys.vpi";
:vpi_module "C:\iverilog\lib\ivl\vhdl_textio.vpi";
:vpi_module "C:\iverilog\lib\ivl\v2005_math.vpi";
:vpi_module "C:\iverilog\lib\ivl\va_math.vpi";
S_000001f0cf9f2b30 .scope module, "bin2dec" "bin2dec" 2 11;
 .timescale 0 0;
    .port_info 0 /INPUT 1 "clk";
    .port_info 1 /INPUT 1 "start";
    .port_info 2 /INPUT 16 "din";
    .port_info 3 /OUTPUT 1 "done";
    .port_info 4 /OUTPUT 16 "dout";
P_000001f0cf7cac90 .param/l "S_CONVERT" 1 2 23, +C4<00000000000000000000000000000100>;
P_000001f0cf7cacc8 .param/l "S_DIVIDE" 1 2 21, +C4<00000000000000000000000000000010>;
P_000001f0cf7cad00 .param/l "S_DONE" 1 2 20, +C4<00000000000000000000000000000001>;
P_000001f0cf7cad38 .param/l "S_IDLE" 1 2 19, +C4<00000000000000000000000000000000>;
P_000001f0cf7cad70 .param/l "S_NEXT_DIGIT" 1 2 22, +C4<00000000000000000000000000000011>;
L_000001f0cfa235b0 .functor OR 1, L_000001f0cfa21930, L_000001f0cfa22150, C4<0>, C4<0>;
v000001f0cf9f3190_0 .net *"_ivl_0", 31 0, L_000001f0cfa21d90;  1 drivers
L_000001f0cfa79498 .functor BUFT 1, C4<00000000000000000000000000000>, C4<0>, C4<0>, C4<0>;
v000001f0cf9f2cc0_0 .net *"_ivl_11", 28 0, L_000001f0cfa79498;  1 drivers
L_000001f0cfa794e0 .functor BUFT 1, C4<00000000000000000000000000000001>, C4<0>, C4<0>, C4<0>;
v000001f0cf9f2d60_0 .net/2u *"_ivl_12", 31 0, L_000001f0cfa794e0;  1 drivers
v000001f0cf9f2e00_0 .net *"_ivl_14", 0 0, L_000001f0cfa22150;  1 drivers
v000001f0cf9f2ea0_0 .net *"_ivl_17", 0 0, L_000001f0cfa235b0;  1 drivers
L_000001f0cfa79528 .functor BUFT 1, C4<01>, C4<0>, C4<0>, C4<0>;
v000001f0cfa210c0_0 .net/2s *"_ivl_18", 1 0, L_000001f0cfa79528;  1 drivers
L_000001f0cfa79570 .functor BUFT 1, C4<00>, C4<0>, C4<0>, C4<0>;
v000001f0cfa21160_0 .net/2s *"_ivl_20", 1 0, L_000001f0cfa79570;  1 drivers
v000001f0cfa220b0_0 .net *"_ivl_22", 1 0, L_000001f0cfa21250;  1 drivers
L_000001f0cfa79408 .functor BUFT 1, C4<00000000000000000000000000000>, C4<0>, C4<0>, C4<0>;
v000001f0cfa21ed0_0 .net *"_ivl_3", 28 0, L_000001f0cfa79408;  1 drivers
L_000001f0cfa79450 .functor BUFT 1, C4<00000000000000000000000000000000>, C4<0>, C4<0>, C4<0>;
v000001f0cfa21f70_0 .net/2u *"_ivl_4", 31 0, L_000001f0cfa79450;  1 drivers
v000001f0cfa219d0_0 .net *"_ivl_6", 0 0, L_000001f0cfa21930;  1 drivers
v000001f0cfa21750_0 .net *"_ivl_8", 31 0, L_000001f0cfa21b10;  1 drivers
v000001f0cfa21430_0 .var "byte_count", 1 0;
o000001f0cfa2c1f8 .functor BUFZ 1, C4<z>; HiZ drive
v000001f0cfa21890_0 .net "clk", 0 0, o000001f0cfa2c1f8;  0 drivers
v000001f0cfa212f0_0 .var "data", 31 0;
o000001f0cfa2c258 .functor BUFZ 16, C4<zzzzzzzzzzzzzzzz>; HiZ drive
v000001f0cfa22010_0 .net "din", 15 0, o000001f0cfa2c258;  0 drivers
v000001f0cfa21610_0 .var "div", 31 0;
v000001f0cfa21cf0_0 .net "done", 0 0, L_000001f0cfa21390;  1 drivers
v000001f0cfa21e30_0 .var "dout", 15 0;
v000001f0cfa21a70_0 .var "mod", 3 0;
o000001f0cfa2c348 .functor BUFZ 1, C4<z>; HiZ drive
v000001f0cfa217f0_0 .net "start", 0 0, o000001f0cfa2c348;  0 drivers
v000001f0cfa216b0_0 .var "state", 2 0;
E_000001f0cfa14fa0 .event posedge, v000001f0cfa21890_0;
L_000001f0cfa21d90 .concat [ 3 29 0 0], v000001f0cfa216b0_0, L_000001f0cfa79408;
L_000001f0cfa21930 .cmp/eq 32, L_000001f0cfa21d90, L_000001f0cfa79450;
L_000001f0cfa21b10 .concat [ 3 29 0 0], v000001f0cfa216b0_0, L_000001f0cfa79498;
L_000001f0cfa22150 .cmp/eq 32, L_000001f0cfa21b10, L_000001f0cfa794e0;
L_000001f0cfa21250 .functor MUXZ 2, L_000001f0cfa79570, L_000001f0cfa79528, L_000001f0cfa235b0, C4<>;
L_000001f0cfa21390 .part L_000001f0cfa21250, 0, 1;
    .scope S_000001f0cf9f2b30;
T_0 ;
    %pushi/vec4 0, 0, 3;
    %store/vec4 v000001f0cfa216b0_0, 0, 3;
    %end;
    .thread T_0;
    .scope S_000001f0cf9f2b30;
T_1 ;
    %wait E_000001f0cfa14fa0;
    %load/vec4 v000001f0cfa216b0_0;
    %dup/vec4;
    %pushi/vec4 0, 0, 3;
    %cmp/u;
    %jmp/1 T_1.0, 6;
    %dup/vec4;
    %pushi/vec4 1, 0, 3;
    %cmp/u;
    %jmp/1 T_1.1, 6;
    %dup/vec4;
    %pushi/vec4 2, 0, 3;
    %cmp/u;
    %jmp/1 T_1.2, 6;
    %dup/vec4;
    %pushi/vec4 3, 0, 3;
    %cmp/u;
    %jmp/1 T_1.3, 6;
    %dup/vec4;
    %pushi/vec4 4, 0, 3;
    %cmp/u;
    %jmp/1 T_1.4, 6;
    %pushi/vec4 0, 0, 3;
    %assign/vec4 v000001f0cfa216b0_0, 0;
    %jmp T_1.6;
T_1.0 ;
    %load/vec4 v000001f0cfa217f0_0;
    %pad/u 32;
    %cmpi/e 1, 0, 32;
    %jmp/0xz  T_1.7, 4;
    %pushi/vec4 2, 0, 3;
    %assign/vec4 v000001f0cfa216b0_0, 0;
    %pushi/vec4 0, 0, 16;
    %load/vec4 v000001f0cfa22010_0;
    %concat/vec4; draw_concat_vec4
    %muli 1000, 0, 32;
    %ix/load 4, 16, 0;
    %flag_set/imm 4, 0;
    %shiftr 4;
    %assign/vec4 v000001f0cfa212f0_0, 0;
    %pushi/vec4 0, 0, 2;
    %assign/vec4 v000001f0cfa21430_0, 0;
T_1.7 ;
    %jmp T_1.6;
T_1.1 ;
    %load/vec4 v000001f0cfa217f0_0;
    %pad/u 32;
    %cmpi/e 0, 0, 32;
    %jmp/0xz  T_1.9, 4;
    %pushi/vec4 0, 0, 3;
    %assign/vec4 v000001f0cfa216b0_0, 0;
T_1.9 ;
    %jmp T_1.6;
T_1.2 ;
    %load/vec4 v000001f0cfa212f0_0;
    %pushi/vec4 10, 0, 32;
    %div;
    %assign/vec4 v000001f0cfa21610_0, 0;
    %load/vec4 v000001f0cfa212f0_0;
    %pushi/vec4 10, 0, 32;
    %mod;
    %pad/u 4;
    %assign/vec4 v000001f0cfa21a70_0, 0;
    %pushi/vec4 4, 0, 3;
    %assign/vec4 v000001f0cfa216b0_0, 0;
    %jmp T_1.6;
T_1.3 ;
    %load/vec4 v000001f0cfa21430_0;
    %pad/u 32;
    %cmpi/e 3, 0, 32;
    %jmp/0xz  T_1.11, 4;
    %pushi/vec4 1, 0, 3;
    %assign/vec4 v000001f0cfa216b0_0, 0;
    %jmp T_1.12;
T_1.11 ;
    %pushi/vec4 2, 0, 3;
    %assign/vec4 v000001f0cfa216b0_0, 0;
T_1.12 ;
    %load/vec4 v000001f0cfa21610_0;
    %assign/vec4 v000001f0cfa212f0_0, 0;
    %load/vec4 v000001f0cfa21430_0;
    %addi 1, 0, 2;
    %assign/vec4 v000001f0cfa21430_0, 0;
    %jmp T_1.6;
T_1.4 ;
    %load/vec4 v000001f0cfa21e30_0;
    %parti/s 12, 4, 4;
    %ix/load 4, 0, 0;
    %ix/load 5, 0, 0;
    %flag_set/imm 4, 0;
    %assign/vec4/off/d v000001f0cfa21e30_0, 4, 5;
    %load/vec4 v000001f0cfa21a70_0;
    %ix/load 4, 12, 0;
    %ix/load 5, 0, 0;
    %flag_set/imm 4, 0;
    %assign/vec4/off/d v000001f0cfa21e30_0, 4, 5;
    %pushi/vec4 3, 0, 3;
    %assign/vec4 v000001f0cfa216b0_0, 0;
    %jmp T_1.6;
T_1.6 ;
    %pop/vec4 1;
    %jmp T_1;
    .thread T_1;
# The file index is used to find the file name in the following table.
:file_names 3;
    "N/A";
    "<interactive>";
    "BIN2DEC.v";
